#
# There is insufficient memory for the Java Runtime Environment to continue.
# Native memory allocation (mmap) failed to map 264241152 bytes for G1 virtual space
# Possible reasons:
#   The system is out of physical RAM or swap space
#   The process is running with CompressedOops enabled, and the Java Heap may be blocking the growth of the native heap
# Possible solutions:
#   Reduce memory load on the system
#   Increase physical memory or swap space
#   Check if swap backing store is full
#   Decrease Java heap size (-Xmx/-Xms)
#   Decrease number of Java threads
#   Decrease Java thread stack sizes (-Xss)
#   Set larger code cache with -XX:ReservedCodeCacheSize=
#   JVM is running with Zero Based Compressed Oops mode in which the Java heap is
#     placed in the first 32GB address space. The Java Heap base address is the
#     maximum limit for the native heap growth. Please use -XX:HeapBaseMinAddress
#     to set the Java Heap base and to place the Java Heap above 32GB virtual address.
# This output file may be truncated or incomplete.
#
#  Out of Memory Error (os_windows.cpp:3469), pid=38724, tid=38080
#
# JRE version:  (17.0.1+12) (build )
# Java VM: Java HotSpot(TM) 64-Bit Server VM (17.0.1+12-LTS-39, mixed mode, sharing, tiered, compressed oops, compressed class ptrs, g1 gc, windows-amd64)
# No core dump will be written. Minidumps are not enabled by default on client versions of Windows
#

---------------  S U M M A R Y ------------

Command Line: -Dfile.encoding=Cp1252 -XX:+ShowCodeDetailsInExceptionMessages u3.mountain

Host: 11th Gen Intel(R) Core(TM) i7-11800H @ 2.30GHz, 16 cores, 15G,  Windows 10 , 64 bit Build 19041 (10.0.19041.1348)
Time: Thu Dec  9 10:36:05 2021 Eastern Standard Time elapsed time: 0.029464 seconds (0d 0h 0m 0s)

---------------  T H R E A D  ---------------

Current thread (0x00000205ff68c960):  JavaThread "Unknown thread" [_thread_in_vm, id=38080, stack(0x0000004476600000,0x0000004476700000)]

Stack: [0x0000004476600000,0x0000004476700000]
Native frames: (J=compiled Java code, j=interpreted, Vv=VM code, C=native code)
V  [jvm.dll+0x66fa1a]
V  [jvm.dll+0x7ce5a4]
V  [jvm.dll+0x7cfd4e]
V  [jvm.dll+0x7d03b3]
V  [jvm.dll+0x242b05]
V  [jvm.dll+0x66ca39]
V  [jvm.dll+0x661502]
V  [jvm.dll+0x30081b]
V  [jvm.dll+0x307da6]
V  [jvm.dll+0x357a1e]
V  [jvm.dll+0x357c4f]
V  [jvm.dll+0x2d7ad8]
V  [jvm.dll+0x2d8a44]
V  [jvm.dll+0x7a01e1]
V  [jvm.dll+0x365791]
V  [jvm.dll+0x77f6cc]
V  [jvm.dll+0x3e812f]
V  [jvm.dll+0x3e9bd1]
C  [jli.dll+0x527b]
C  [ucrtbase.dll+0x21bb2]
C  [KERNEL32.DLL+0x17034]
C  [ntdll.dll+0x52651]


---------------  P R O C E S S  ---------------

Threads class SMR info:
_java_thread_list=0x00007ffead587818, length=0, elements={
}

Java Threads: ( => current thread )

Other Threads:
  0x00000205ff6dcb00 GCTaskThread "GC Thread#0" [stack: 0x0000004476700000,0x0000004476800000] [id=36948]
  0x00000205ff6efc60 ConcurrentGCThread "G1 Main Marker" [stack: 0x0000004476800000,0x0000004476900000] [id=38168]
  0x00000205ff6f0580 ConcurrentGCThread "G1 Conc#0" [stack: 0x0000004476900000,0x0000004476a00000] [id=33876]

[error occurred during error reporting (printing all threads), id 0xc0000005, EXCEPTION_ACCESS_VIOLATION (0xc0000005) at pc=0x00007ffeacdd84b7]

VM state: not at safepoint (not fully initialized)

VM Mutex/Monitor currently owned by a thread:  ([mutex/lock_event])
[0x00000205ff687040] Heap_lock - owner thread: 0x00000205ff68c960

Heap address: 0x0000000704a00000, size: 4022 MB, Compressed Oops mode: Zero based, Oop shift amount: 3

CDS archive(s) mapped at: [0x0000000000000000-0x0000000000000000-0x0000000000000000), size 0, SharedBaseAddress: 0x0000000800000000, ArchiveRelocationMode: 0.
Narrow klass base: 0x0000000000000000, Narrow klass shift: 0, Narrow klass range: 0x0

GC Precious Log:
<Empty>

Heap:
 garbage-first heap   total 0K, used 0K [0x0000000704a00000, 0x0000000800000000)
  region size 2048K, 0 young (0K), 0 survivors (0K)

[error occurred during error reporting (printing heap information), id 0xc0000005, EXCEPTION_ACCESS_VIOLATION (0xc0000005) at pc=0x00007ffead1b8d89]

GC Heap History (0 events):
No events

Deoptimization events (0 events):
No events

Classes unloaded (0 events):
No events

Classes redefined (0 events):
No events

Internal exceptions (0 events):
No events

VM Operations (0 events):
No events

Events (1 events):
Event: 0.007 Loaded shared library C:\Program Files\Java\jdk-17.0.1\bin\java.dll


Dynamic libraries:
0x00007ff7ec1d0000 - 0x00007ff7ec1e0000 	C:\Program Files\Java\jdk-17.0.1\bin\javaw.exe
0x00007fff46eb0000 - 0x00007fff470a5000 	C:\Windows\SYSTEM32\ntdll.dll
0x00007fff44fc0000 - 0x00007fff4507e000 	C:\Windows\System32\KERNEL32.DLL
0x00007fff44890000 - 0x00007fff44b58000 	C:\Windows\System32\KERNELBASE.dll
0x00007fff445d0000 - 0x00007fff446d0000 	C:\Windows\System32\ucrtbase.dll
0x00007fff22380000 - 0x00007fff22398000 	C:\Program Files\Java\jdk-17.0.1\bin\jli.dll
0x00007fff261d0000 - 0x00007fff261ea000 	C:\Program Files\Java\jdk-17.0.1\bin\VCRUNTIME140.dll
0x00007fff465d0000 - 0x00007fff4667c000 	C:\Windows\System32\ADVAPI32.dll
0x00007fff462c0000 - 0x00007fff4635e000 	C:\Windows\System32\msvcrt.dll
0x00007fff45760000 - 0x00007fff457fb000 	C:\Windows\System32\sechost.dll
0x00007fff45260000 - 0x00007fff4538a000 	C:\Windows\System32\RPCRT4.dll
0x00007fff46420000 - 0x00007fff465c1000 	C:\Windows\System32\USER32.dll
0x00007fff256f0000 - 0x00007fff2598a000 	C:\Windows\WinSxS\amd64_microsoft.windows.common-controls_6595b64144ccf1df_6.0.19041.1110_none_60b5254171f9507e\COMCTL32.dll
0x00007fff44cd0000 - 0x00007fff44cf2000 	C:\Windows\System32\win32u.dll
0x00007fff45080000 - 0x00007fff450ab000 	C:\Windows\System32\GDI32.dll
0x00007fff44780000 - 0x00007fff4488b000 	C:\Windows\System32\gdi32full.dll
0x00007fff39ec0000 - 0x00007fff39eca000 	C:\Windows\SYSTEM32\VERSION.dll
0x00007fff44d00000 - 0x00007fff44d9d000 	C:\Windows\System32\msvcp_win.dll
0x00007fff44f00000 - 0x00007fff44f30000 	C:\Windows\System32\IMM32.DLL
0x00007fff2b2a0000 - 0x00007fff2b2ac000 	C:\Program Files\Java\jdk-17.0.1\bin\vcruntime140_1.dll
0x00007fff1e310000 - 0x00007fff1e39d000 	C:\Program Files\Java\jdk-17.0.1\bin\msvcp140.dll
0x00007ffeacaf0000 - 0x00007ffead6ae000 	C:\Program Files\Java\jdk-17.0.1\bin\server\jvm.dll
0x00007fff453f0000 - 0x00007fff453f8000 	C:\Windows\System32\PSAPI.DLL
0x00007fff371b0000 - 0x00007fff371b9000 	C:\Windows\SYSTEM32\WSOCK32.dll
0x00007fff3a4f0000 - 0x00007fff3a517000 	C:\Windows\SYSTEM32\WINMM.dll
0x00007fff45820000 - 0x00007fff4588b000 	C:\Windows\System32\WS2_32.dll
0x00007fff42540000 - 0x00007fff42552000 	C:\Windows\SYSTEM32\kernel.appcore.dll
0x00007fff342e0000 - 0x00007fff342ea000 	C:\Program Files\Java\jdk-17.0.1\bin\jimage.dll
0x00007fff41c20000 - 0x00007fff41e04000 	C:\Windows\SYSTEM32\DBGHELP.DLL
0x00007fff34260000 - 0x00007fff3428c000 	C:\Windows\SYSTEM32\dbgcore.DLL
0x00007fff44c40000 - 0x00007fff44cc3000 	C:\Windows\System32\bcryptPrimitives.dll
0x00007fff20de0000 - 0x00007fff20e05000 	C:\Program Files\Java\jdk-17.0.1\bin\java.dll

dbghelp: loaded successfully - version: 4.0.5 - missing functions: none
symbol engine: initialized successfully - sym options: 0x614 - pdb path: .;C:\Program Files\Java\jdk-17.0.1\bin;C:\Windows\SYSTEM32;C:\Windows\WinSxS\amd64_microsoft.windows.common-controls_6595b64144ccf1df_6.0.19041.1110_none_60b5254171f9507e;C:\Program Files\Java\jdk-17.0.1\bin\server

VM Arguments:
jvm_args: -Dfile.encoding=Cp1252 -XX:+ShowCodeDetailsInExceptionMessages 
java_command: u3.mountain
java_class_path (initial): C:\Users\Mike\Documents\school\ICS4U1\workspace\ISC4U1\bin;C:\Users\Mike\Documents\school\ICS4U1\becker.jar
Launcher Type: SUN_STANDARD

[Global flags]
     intx CICompilerCount                          = 12                                        {product} {ergonomic}
     uint ConcGCThreads                            = 3                                         {product} {ergonomic}
     uint G1ConcRefinementThreads                  = 13                                        {product} {ergonomic}
   size_t G1HeapRegionSize                         = 2097152                                   {product} {ergonomic}
    uintx GCDrainStackTargetSize                   = 64                                        {product} {ergonomic}
   size_t InitialHeapSize                          = 264241152                                 {product} {ergonomic}
   size_t MarkStackSize                            = 4194304                                   {product} {ergonomic}
   size_t MaxHeapSize                              = 4217372672                                {product} {ergonomic}
   size_t MinHeapDeltaBytes                        = 2097152                                   {product} {ergonomic}
   size_t MinHeapSize                              = 8388608                                   {product} {ergonomic}
    uintx NonNMethodCodeHeapSize                   = 7602480                                {pd product} {ergonomic}
    uintx NonProfiledCodeHeapSize                  = 122027880                              {pd product} {ergonomic}
    uintx ProfiledCodeHeapSize                     = 122027880                              {pd product} {ergonomic}
    uintx ReservedCodeCacheSize                    = 251658240                              {pd product} {ergonomic}
     bool SegmentedCodeCache                       = true                                      {product} {ergonomic}
     bool ShowCodeDetailsInExceptionMessages       = true                                   {manageable} {command line}
   size_t SoftMaxHeapSize                          = 4217372672                             {manageable} {ergonomic}
     bool UseCompressedClassPointers               = true                           {product lp64_product} {ergonomic}
     bool UseCompressedOops                        = true                           {product lp64_product} {ergonomic}
     bool UseG1GC                                  = true                                      {product} {ergonomic}
     bool UseLargePagesIndividualAllocation        = false                                  {pd product} {ergonomic}

Logging:
Log output configuration:
 #0: stdout all=warning uptime,level,tags
 #1: stderr all=off uptime,level,tags

Environment Variables:
PATH=C:/Program Files/Java/jdk-17.0.1/bin/server;C:/Program Files/Java/jdk-17.0.1/bin;C:\Program Files\Common Files\Oracle\Java\javapath;C:\Windows\system32;C:\Windows;C:\Windows\System32\Wbem;C:\Windows\System32\WindowsPowerShell\v1.0\;C:\Windows\System32\OpenSSH\;C:\Program Files (x86)\NVIDIA Corporation\PhysX\Common;C:\Program Files\NVIDIA Corporation\NVIDIA NvDLISR;C:\Program Files\PROS\toolchain\usr\bin;C:\Program Files\PROS\cquery;C:\Program Files\PROS\cli;C:\Users\Mike\AppData\Local\Programs\Python\Python310\Scripts\;C:\Users\Mike\AppData\Local\Programs\Python\Python310\;C:\Users\Mike\AppData\Local\Microsoft\WindowsApps;C:\Users\Mike\AppData\Local\GitHubDesktop\bin;C:\Users\Mike\AppData\Local\gitkraken\bin;C:\Users\Mike\AppData\Local\Programs\Microsoft VS Code\bin;C:\msys64\mingw64\bin;;C:\Windows\system32;
USERNAME=Mike
OS=Windows_NT
PROCESSOR_IDENTIFIER=Intel64 Family 6 Model 141 Stepping 1, GenuineIntel



---------------  S Y S T E M  ---------------

OS:
 Windows 10 , 64 bit Build 19041 (10.0.19041.1348)
OS uptime: 0 days 13:01 hours

CPU: total 16 (initial active 16) (8 cores per cpu, 2 threads per core) family 6 model 141 stepping 1 microcode 0x32, cx8, cmov, fxsr, ht, mmx, 3dnowpref, sse, sse2, sse3, ssse3, sse4.1, sse4.2, popcnt, lzcnt, tsc, tscinvbit, avx, avx2, aes, erms, clmul, bmi1, bmi2, adx, avx512f, avx512dq, avx512cd, avx512bw, avx512vl, sha, fma, vzeroupper, avx512_vpopcntdq, avx512_vpclmulqdq, avx512_vaes, avx512_vnni, clflush, clflushopt, clwb, avx512_vbmi2, avx512_vbmi

Memory: 4k page, system-wide physical 16085M (3408M free)
TotalPageFile size 65230M (AvailPageFile size 159M)
current process WorkingSet (physical memory assigned to process): 10M, peak: 10M
current process commit charge ("private bytes"): 70M, peak: 322M

vm_info: Java HotSpot(TM) 64-Bit Server VM (17.0.1+12-LTS-39) for windows-amd64 JRE (17.0.1+12-LTS-39), built on Sep 27 2021 18:41:35 by "mach5one" with MS VC++ 16.8 (VS2019)

END.
